3410531028	3410531028	"adsl-63-194-204-121.dsl.snfc21.pacbell.net"	GENERIC	ANONYMOUS	"GET / HTTP/1.1"	""
3410531028	3410531028	"adsl-63-194-204-121.dsl.snfc21.pacbell.net"	GENERIC	ANONYMOUS	"GET /docserver/infoserver/examples/gates/images/series.jpg HTTP/1.1"	"Object=series.jpg"
3410531028	3410531028	"adsl-63-194-204-121.dsl.snfc21.pacbell.net"	GENERIC	ANONYMOUS	"GET /docserver/infoserver/examples/gates/images/event.jpg HTTP/1.1"	"Object=event.jpg"
3410531028	3410531028	"adsl-63-194-204-121.dsl.snfc21.pacbell.net"	GENERIC	ANONYMOUS	"GET /docserver/infoserver/examples/gates/images/person.jpg HTTP/1.1"	"Object=person.jpg"
3410531029	3410531029	"adsl-63-194-204-121.dsl.snfc21.pacbell.net"	GENERIC	ANONYMOUS	"GET /docserver/infoserver/examples/gates/images/classroom.jpg HTTP/1.1"	"Object=classroom.jpg"
3410531029	3410531029	"adsl-63-194-204-121.dsl.snfc21.pacbell.net"	GENERIC	ANONYMOUS	"GET /docserver/infoserver/examples/gates/images/gates.jpg HTTP/1.1"	"Object=gates.jpg"
3410531029	3410531029	"adsl-63-194-204-121.dsl.snfc21.pacbell.net"	GENERIC	ANONYMOUS	"GET /docserver/infoserver/examples/gates/images/group2.jpg HTTP/1.1"	"Object=group2.jpg"
3410531029	3410531029	"adsl-63-194-204-121.dsl.snfc21.pacbell.net"	GENERIC	ANONYMOUS	"GET /docserver/infoserver/examples/gates/images/schedule.jpg HTTP/1.1"	"Object=schedule.jpg"
3410531032	3410531032	"adsl-63-194-204-121.dsl.snfc21.pacbell.net"	GENERIC	ANONYMOUS	"GET /showpeoplepage? HTTP/1.1"	""
3410531032	3410531032	"adsl-63-194-204-121.dsl.snfc21.pacbell.net"	GENERIC	ANONYMOUS	"GET /docserver/infomaster/javascript/proforma.js HTTP/1.1"	"Object=proforma.js"
3410531034	3410531034	"adsl-63-194-204-121.dsl.snfc21.pacbell.net"	GENERIC	ANONYMOUS	"GET /showseriespage? HTTP/1.1"	""
3410531034	3410531034	"adsl-63-194-204-121.dsl.snfc21.pacbell.net"	GENERIC	ANONYMOUS	"GET /docserver/infomaster/javascript/proforma.js HTTP/1.1"	"Object=proforma.js"
3410531036	3410531036	"adsl-63-194-204-121.dsl.snfc21.pacbell.net"	GENERIC	ANONYMOUS	"GET /showschedulepage? HTTP/1.1"	""
3410531036	3410531036	"adsl-63-194-204-121.dsl.snfc21.pacbell.net"	GENERIC	ANONYMOUS	"GET /docserver/infomaster/javascript/proforma.js HTTP/1.1"	"Object=proforma.js"
3410531038	3410531038	"adsl-63-194-204-121.dsl.snfc21.pacbell.net"	GENERIC	ANONYMOUS	"GET / HTTP/1.1"	""
3410531038	3410531038	"adsl-63-194-204-121.dsl.snfc21.pacbell.net"	GENERIC	ANONYMOUS	"GET /docserver/infoserver/examples/gates/images/classroom.jpg HTTP/1.1"	"Object=classroom.jpg"
3410531038	3410531038	"adsl-63-194-204-121.dsl.snfc21.pacbell.net"	GENERIC	ANONYMOUS	"GET /docserver/infoserver/examples/gates/images/group2.jpg HTTP/1.1"	"Object=group2.jpg"
3410531039	3410531039	"adsl-63-194-204-121.dsl.snfc21.pacbell.net"	GENERIC	ANONYMOUS	"GET /docserver/infoserver/examples/gates/images/schedule.jpg HTTP/1.1"	"Object=schedule.jpg"
3410531039	3410531039	"adsl-63-194-204-121.dsl.snfc21.pacbell.net"	GENERIC	ANONYMOUS	"GET /docserver/infoserver/examples/gates/images/series.jpg HTTP/1.1"	"Object=series.jpg"
3410531039	3410531039	"adsl-63-194-204-121.dsl.snfc21.pacbell.net"	GENERIC	ANONYMOUS	"GET /docserver/infoserver/examples/gates/images/event.jpg HTTP/1.1"	"Object=event.jpg"
3410531039	3410531039	"adsl-63-194-204-121.dsl.snfc21.pacbell.net"	GENERIC	ANONYMOUS	"GET /docserver/infoserver/examples/gates/images/person.jpg HTTP/1.1"	"Object=person.jpg"
3410531039	3410531039	"adsl-63-194-204-121.dsl.snfc21.pacbell.net"	GENERIC	ANONYMOUS	"GET /docserver/infoserver/examples/gates/images/gates.jpg HTTP/1.1"	"Object=gates.jpg"
3410531040	3410531040	"adsl-63-194-204-121.dsl.snfc21.pacbell.net"	GENERIC	ANONYMOUS	"GET /fastcreatepage?Class=Series HTTP/1.1"	"Class=Series"
3410531040	3410531040	"adsl-63-194-204-121.dsl.snfc21.pacbell.net"	GENERIC	ANONYMOUS	"GET /docserver/infomaster/javascript/proforma.js HTTP/1.1"	"Object=proforma.js"
3410531040	3410531040	"adsl-63-194-204-121.dsl.snfc21.pacbell.net"	GENERIC	ANONYMOUS	"GET /docserver/infomaster/images/delete.gif HTTP/1.1"	"Object=delete.gif"
3410531040	3410531040	"adsl-63-194-204-121.dsl.snfc21.pacbell.net"	GENERIC	ANONYMOUS	"GET /docserver/infomaster/images/add.gif HTTP/1.1"	"Object=add.gif"
3410531065	3410531065	"adsl-63-194-204-121.dsl.snfc21.pacbell.net"	GENERIC	ANONYMOUS	"GET /fastcreatepage?Structure=(Series.34105310403%20Series%20(Series.Title%20%22Trial%22)(Series.Classroom%20Gates-104)(Series.Day%20Tuesday)(Series.Starttime%2009-00)(Series.Endtime%2010-00)(SERIES.STARTDATE%202008-01-01)(SERIES.ENDDATE%202008-01-29)(SERIES.OWNER%20ANONYMOUS))&Command=Create HTTP/1.1"	"Structure=(Series.34105310403 Series (Series.Title \"Trial\")(Series.Classroom Gates-104)(Series.Day Tuesday)(Series.Starttime 09-00)(Series.Endtime 10-00)(SERIES.STARTDATE 2008-01-01)(SERIES.ENDDATE 2008-01-29)(SERIES.OWNER ANONYMOUS))&Command=Create"
3410531065	3410531065	"adsl-63-194-204-121.dsl.snfc21.pacbell.net"	GENERIC	ANONYMOUS	"GET /docserver/infomaster/javascript/proforma.js HTTP/1.1"	"Object=proforma.js"
3410531068	3410531068	"adsl-63-194-204-121.dsl.snfc21.pacbell.net"	GENERIC	ANONYMOUS	"GET /createseriespage?Structure=(SERIES.34105310403%20SERIES%20(SERIES.TITLE%20%22Trial%22)%20(SERIES.CLASSROOM%20GATES-104)%20(SERIES.DAY%20TUESDAY)%20(SERIES.STARTTIME%2009-00)%20(SERIES.ENDTIME%2010-00)%20(SERIES.STARTDATE%202008-01-01)%20(SERIES.ENDDATE%202008-01-29)%20(SERIES.OWNER%20ANONYMOUS)) HTTP/1.1"	"Structure=(SERIES.34105310403 SERIES (SERIES.TITLE \"Trial\") (SERIES.CLASSROOM GATES-104) (SERIES.DAY TUESDAY) (SERIES.STARTTIME 09-00) (SERIES.ENDTIME 10-00) (SERIES.STARTDATE 2008-01-01) (SERIES.ENDDATE 2008-01-29) (SERIES.OWNER ANONYMOUS))"
3410531068	3410531068	"adsl-63-194-204-121.dsl.snfc21.pacbell.net"	GENERIC	ANONYMOUS	"GET /fastinspectpage?Object=SERIES.34105310403 HTTP/1.1"	"Object=SERIES.34105310403"
3410531076	3410531076	"adsl-63-194-204-121.dsl.snfc21.pacbell.net"	GENERIC	ANONYMOUS	"GET /fastinspectpage?Object=EVENT.34105310403.5 HTTP/1.1"	"Object=EVENT.34105310403.5"
3410531079	3410531079	"adsl-63-194-204-121.dsl.snfc21.pacbell.net"	GENERIC	ANONYMOUS	"POST /fastdeletepage? HTTP/1.1"	"Object=Event.34105310403.5&Command=Delete"
3410531086	3410531086	"adsl-63-194-204-121.dsl.snfc21.pacbell.net"	GENERIC	ANONYMOUS	"GET /showseriespage? HTTP/1.1"	""
3410531086	3410531086	"adsl-63-194-204-121.dsl.snfc21.pacbell.net"	GENERIC	ANONYMOUS	"GET /docserver/infomaster/javascript/proforma.js HTTP/1.1"	"Object=proforma.js"
3410531088	3410531088	"adsl-63-194-204-121.dsl.snfc21.pacbell.net"	GENERIC	ANONYMOUS	"POST /showseriespage? HTTP/1.1"	"Structure=%28%3F+SERIES+%28SERIES.DATE+2008-01-28%29%29&Command=Display&Start=11&End=20"
3410531088	3410531088	"adsl-63-194-204-121.dsl.snfc21.pacbell.net"	GENERIC	ANONYMOUS	"GET /docserver/infomaster/javascript/proforma.js HTTP/1.1"	"Object=proforma.js"
3410531088	3410531088	"adsl-63-194-204-121.dsl.snfc21.pacbell.net"	GENERIC	ANONYMOUS	"POST /showseriespage? HTTP/1.1"	"Structure=%28%3F+SERIES+%28SERIES.DATE+2008-01-28%29%29&Command=Display&Start=21&End=27"
3410531088	3410531088	"adsl-63-194-204-121.dsl.snfc21.pacbell.net"	GENERIC	ANONYMOUS	"GET /docserver/infomaster/javascript/proforma.js HTTP/1.1"	"Object=proforma.js"
3410531090	3410531090	"adsl-63-194-204-121.dsl.snfc21.pacbell.net"	GENERIC	ANONYMOUS	"GET /fastinspectpage?Object=SERIES.34105310403 HTTP/1.1"	"Object=SERIES.34105310403"
3410531102	3410531103	"adsl-63-194-204-121.dsl.snfc21.pacbell.net"	GENERIC	ANONYMOUS	"POST /fastdeletepage? HTTP/1.1"	"Object=Series.34105310403&Command=Delete"
3410531114	3410531114	"adsl-63-194-204-121.dsl.snfc21.pacbell.net"	GENERIC	ANONYMOUS	"GET /showseriespage? HTTP/1.1"	""
3410531114	3410531114	"adsl-63-194-204-121.dsl.snfc21.pacbell.net"	GENERIC	ANONYMOUS	"GET /docserver/infomaster/javascript/proforma.js HTTP/1.1"	"Object=proforma.js"
3410531116	3410531116	"adsl-63-194-204-121.dsl.snfc21.pacbell.net"	GENERIC	ANONYMOUS	"POST /showseriespage? HTTP/1.1"	"Structure=%28%3F+SERIES+%28SERIES.DATE+2008-01-28%29%29&Command=Display&Start=11&End=20"
3410531116	3410531116	"adsl-63-194-204-121.dsl.snfc21.pacbell.net"	GENERIC	ANONYMOUS	"GET /docserver/infomaster/javascript/proforma.js HTTP/1.1"	"Object=proforma.js"
3410531117	3410531117	"adsl-63-194-204-121.dsl.snfc21.pacbell.net"	GENERIC	ANONYMOUS	"POST /showseriespage? HTTP/1.1"	"Structure=%28%3F+SERIES+%28SERIES.DATE+2008-01-28%29%29&Command=Display&Start=21&End=26"
3410531117	3410531117	"adsl-63-194-204-121.dsl.snfc21.pacbell.net"	GENERIC	ANONYMOUS	"GET /docserver/infomaster/javascript/proforma.js HTTP/1.1"	"Object=proforma.js"
3410531120	3410531120	"adsl-63-194-204-121.dsl.snfc21.pacbell.net"	GENERIC	ANONYMOUS	"GET /showschedulepage? HTTP/1.1"	""
3410531121	3410531121	"adsl-63-194-204-121.dsl.snfc21.pacbell.net"	GENERIC	ANONYMOUS	"GET /docserver/infomaster/javascript/proforma.js HTTP/1.1"	"Object=proforma.js"
3410531123	3410531124	"adsl-63-194-204-121.dsl.snfc21.pacbell.net"	GENERIC	ANONYMOUS	"GET /showschedulepage?Structure=(?%20Schedule%20(SCHEDULE.DATE%202008-01-08))&Command=Refresh HTTP/1.1"	"Structure=(? Schedule (SCHEDULE.DATE 2008-01-08))&Command=Refresh"
3410531124	3410531124	"adsl-63-194-204-121.dsl.snfc21.pacbell.net"	GENERIC	ANONYMOUS	"GET /docserver/infomaster/javascript/proforma.js HTTP/1.1"	"Object=proforma.js"
