(INSERT '(SERIES.INSTANCE SERIES.34105310403) *REPOSITORY*)
(INSERT '(SERIES.TITLE SERIES.34105310403 "Trial") *REPOSITORY*)
(INSERT '(SERIES.CLASSROOM SERIES.34105310403 GATES-104) *REPOSITORY*)
(INSERT '(SERIES.DAY SERIES.34105310403 TUESDAY) *REPOSITORY*)
(INSERT '(SERIES.STARTTIME SERIES.34105310403 09-00) *REPOSITORY*)
(INSERT '(SERIES.ENDTIME SERIES.34105310403 10-00) *REPOSITORY*)
(INSERT '(SERIES.STARTDATE SERIES.34105310403 2008-01-01) *REPOSITORY*)
(INSERT '(SERIES.ENDDATE SERIES.34105310403 2008-01-29) *REPOSITORY*)
(INSERT '(SERIES.OWNER SERIES.34105310403 ANONYMOUS) *REPOSITORY*)
(INSERT '(EVENT.INSTANCE EVENT.34105310403.1) *REPOSITORY*)
(INSERT '(EVENT.TITLE EVENT.34105310403.1 "Trial") *REPOSITORY*)
(INSERT '(EVENT.CLASSROOM EVENT.34105310403.1 GATES-104) *REPOSITORY*)
(INSERT '(EVENT.DATE EVENT.34105310403.1 2008-01-01) *REPOSITORY*)
(INSERT '(EVENT.START EVENT.34105310403.1 09-00) *REPOSITORY*)
(INSERT '(EVENT.END EVENT.34105310403.1 10-00) *REPOSITORY*)
(INSERT '(EVENT.OWNER EVENT.34105310403.1 ANONYMOUS) *REPOSITORY*)
(INSERT '(EVENT.SERIES EVENT.34105310403.1 SERIES.34105310403) *REPOSITORY*)
(INSERT '(EVENT.INSTANCE EVENT.34105310403.2) *REPOSITORY*)
(INSERT '(EVENT.TITLE EVENT.34105310403.2 "Trial") *REPOSITORY*)
(INSERT '(EVENT.CLASSROOM EVENT.34105310403.2 GATES-159) *REPOSITORY*)
(INSERT '(EVENT.DATE EVENT.34105310403.2 2008-01-08) *REPOSITORY*)
(INSERT '(EVENT.START EVENT.34105310403.2 09-00) *REPOSITORY*)
(INSERT '(EVENT.END EVENT.34105310403.2 10-00) *REPOSITORY*)
(INSERT '(EVENT.OWNER EVENT.34105310403.2 ANONYMOUS) *REPOSITORY*)
(INSERT '(EVENT.SERIES EVENT.34105310403.2 SERIES.34105310403) *REPOSITORY*)
(INSERT '(EVENT.INSTANCE EVENT.34105310403.3) *REPOSITORY*)
(INSERT '(EVENT.TITLE EVENT.34105310403.3 "Trial") *REPOSITORY*)
(INSERT '(EVENT.CLASSROOM EVENT.34105310403.3 GATES-104) *REPOSITORY*)
(INSERT '(EVENT.DATE EVENT.34105310403.3 2008-01-15) *REPOSITORY*)
(INSERT '(EVENT.START EVENT.34105310403.3 09-00) *REPOSITORY*)
(INSERT '(EVENT.END EVENT.34105310403.3 10-00) *REPOSITORY*)
(INSERT '(EVENT.OWNER EVENT.34105310403.3 ANONYMOUS) *REPOSITORY*)
(INSERT '(EVENT.SERIES EVENT.34105310403.3 SERIES.34105310403) *REPOSITORY*)
(INSERT '(EVENT.INSTANCE EVENT.34105310403.4) *REPOSITORY*)
(INSERT '(EVENT.TITLE EVENT.34105310403.4 "Trial") *REPOSITORY*)
(INSERT '(EVENT.CLASSROOM EVENT.34105310403.4 GATES-104) *REPOSITORY*)
(INSERT '(EVENT.DATE EVENT.34105310403.4 2008-01-22) *REPOSITORY*)
(INSERT '(EVENT.START EVENT.34105310403.4 09-00) *REPOSITORY*)
(INSERT '(EVENT.END EVENT.34105310403.4 10-00) *REPOSITORY*)
(INSERT '(EVENT.OWNER EVENT.34105310403.4 ANONYMOUS) *REPOSITORY*)
(INSERT '(EVENT.SERIES EVENT.34105310403.4 SERIES.34105310403) *REPOSITORY*)
(INSERT '(EVENT.INSTANCE EVENT.34105310403.5) *REPOSITORY*)
(INSERT '(EVENT.TITLE EVENT.34105310403.5 "Trial") *REPOSITORY*)
(INSERT '(EVENT.CLASSROOM EVENT.34105310403.5 GATES-104) *REPOSITORY*)
(INSERT '(EVENT.DATE EVENT.34105310403.5 2008-01-29) *REPOSITORY*)
(INSERT '(EVENT.START EVENT.34105310403.5 09-00) *REPOSITORY*)
(INSERT '(EVENT.END EVENT.34105310403.5 10-00) *REPOSITORY*)
(INSERT '(EVENT.OWNER EVENT.34105310403.5 ANONYMOUS) *REPOSITORY*)
(INSERT '(EVENT.SERIES EVENT.34105310403.5 SERIES.34105310403) *REPOSITORY*)
(UNINSERTITEM '(EVENT.INSTANCE EVENT.34105310403.5) *REPOSITORY*)
(UNINSERTITEM '(EVENT.TITLE EVENT.34105310403.5 "Trial") *REPOSITORY*)
(UNINSERTITEM '(EVENT.CLASSROOM EVENT.34105310403.5 GATES-104) *REPOSITORY*)
(UNINSERTITEM '(EVENT.DATE EVENT.34105310403.5 2008-01-29) *REPOSITORY*)
(UNINSERTITEM '(EVENT.START EVENT.34105310403.5 09-00) *REPOSITORY*)
(UNINSERTITEM '(EVENT.END EVENT.34105310403.5 10-00) *REPOSITORY*)
(UNINSERTITEM '(EVENT.OWNER EVENT.34105310403.5 ANONYMOUS) *REPOSITORY*)
(UNINSERTITEM '(EVENT.SERIES EVENT.34105310403.5 SERIES.34105310403) *REPOSITORY*)
(UNINSERTITEM '(EVENT.INSTANCE EVENT.34105310403.1) *REPOSITORY*)
(UNINSERTITEM '(EVENT.TITLE EVENT.34105310403.1 "Trial") *REPOSITORY*)
(UNINSERTITEM '(EVENT.CLASSROOM EVENT.34105310403.1 GATES-104) *REPOSITORY*)
(UNINSERTITEM '(EVENT.DATE EVENT.34105310403.1 2008-01-01) *REPOSITORY*)
(UNINSERTITEM '(EVENT.START EVENT.34105310403.1 09-00) *REPOSITORY*)
(UNINSERTITEM '(EVENT.END EVENT.34105310403.1 10-00) *REPOSITORY*)
(UNINSERTITEM '(EVENT.OWNER EVENT.34105310403.1 ANONYMOUS) *REPOSITORY*)
(UNINSERTITEM '(EVENT.SERIES EVENT.34105310403.1 SERIES.34105310403) *REPOSITORY*)
(UNINSERTITEM '(EVENT.INSTANCE EVENT.34105310403.2) *REPOSITORY*)
(UNINSERTITEM '(EVENT.TITLE EVENT.34105310403.2 "Trial") *REPOSITORY*)
(UNINSERTITEM '(EVENT.CLASSROOM EVENT.34105310403.2 GATES-159) *REPOSITORY*)
(UNINSERTITEM '(EVENT.DATE EVENT.34105310403.2 2008-01-08) *REPOSITORY*)
(UNINSERTITEM '(EVENT.START EVENT.34105310403.2 09-00) *REPOSITORY*)
(UNINSERTITEM '(EVENT.END EVENT.34105310403.2 10-00) *REPOSITORY*)
(UNINSERTITEM '(EVENT.OWNER EVENT.34105310403.2 ANONYMOUS) *REPOSITORY*)
(UNINSERTITEM '(EVENT.SERIES EVENT.34105310403.2 SERIES.34105310403) *REPOSITORY*)
(UNINSERTITEM '(EVENT.INSTANCE EVENT.34105310403.3) *REPOSITORY*)
(UNINSERTITEM '(EVENT.TITLE EVENT.34105310403.3 "Trial") *REPOSITORY*)
(UNINSERTITEM '(EVENT.CLASSROOM EVENT.34105310403.3 GATES-104) *REPOSITORY*)
(UNINSERTITEM '(EVENT.DATE EVENT.34105310403.3 2008-01-15) *REPOSITORY*)
(UNINSERTITEM '(EVENT.START EVENT.34105310403.3 09-00) *REPOSITORY*)
(UNINSERTITEM '(EVENT.END EVENT.34105310403.3 10-00) *REPOSITORY*)
(UNINSERTITEM '(EVENT.OWNER EVENT.34105310403.3 ANONYMOUS) *REPOSITORY*)
(UNINSERTITEM '(EVENT.SERIES EVENT.34105310403.3 SERIES.34105310403) *REPOSITORY*)
(UNINSERTITEM '(EVENT.INSTANCE EVENT.34105310403.4) *REPOSITORY*)
(UNINSERTITEM '(EVENT.TITLE EVENT.34105310403.4 "Trial") *REPOSITORY*)
(UNINSERTITEM '(EVENT.CLASSROOM EVENT.34105310403.4 GATES-104) *REPOSITORY*)
(UNINSERTITEM '(EVENT.DATE EVENT.34105310403.4 2008-01-22) *REPOSITORY*)
(UNINSERTITEM '(EVENT.START EVENT.34105310403.4 09-00) *REPOSITORY*)
(UNINSERTITEM '(EVENT.END EVENT.34105310403.4 10-00) *REPOSITORY*)
(UNINSERTITEM '(EVENT.OWNER EVENT.34105310403.4 ANONYMOUS) *REPOSITORY*)
(UNINSERTITEM '(EVENT.SERIES EVENT.34105310403.4 SERIES.34105310403) *REPOSITORY*)
(UNINSERTITEM '(SERIES.INSTANCE SERIES.34105310403) *REPOSITORY*)
(UNINSERTITEM '(SERIES.TITLE SERIES.34105310403 "Trial") *REPOSITORY*)
(UNINSERTITEM '(SERIES.CLASSROOM SERIES.34105310403 GATES-104) *REPOSITORY*)
(UNINSERTITEM '(SERIES.DAY SERIES.34105310403 TUESDAY) *REPOSITORY*)
(UNINSERTITEM '(SERIES.STARTTIME SERIES.34105310403 09-00) *REPOSITORY*)
(UNINSERTITEM '(SERIES.ENDTIME SERIES.34105310403 10-00) *REPOSITORY*)
(UNINSERTITEM '(SERIES.STARTDATE SERIES.34105310403 2008-01-01) *REPOSITORY*)
(UNINSERTITEM '(SERIES.ENDDATE SERIES.34105310403 2008-01-29) *REPOSITORY*)
(UNINSERTITEM '(SERIES.OWNER SERIES.34105310403 ANONYMOUS) *REPOSITORY*)
